<?xml version="1.0" encoding="UTF-8"?>
<!-- Generated by org.testng.reporters.JUnitReportReporter -->
<testsuite skipped="0" hostname="DESKTOP-MJP0VL9" name="com.mindtree.runner.HomePage" tests="1" failures="0" timestamp="2021-10-19T14:04:27 IST" time="11.982" errors="0">
  <testcase name="searchProduct" time="11.982" classname="com.mindtree.runner.HomePage"/>
  <system-out/>
</testsuite> <!-- com.mindtree.runner.HomePage -->
