<?xml version="1.0" encoding="UTF-8"?>
<!-- Generated by org.testng.reporters.JUnitReportReporter -->
<testsuite skipped="0" hostname="DESKTOP-MJP0VL9" name="com.mindtree.runner.TC_SearchAndAddToCart_001" tests="1" failures="0" timestamp="2021-11-02T12:47:00 IST" time="27.902" errors="0">
  <testcase name="searchProduct" time="27.902" classname="com.mindtree.runner.TC_SearchAndAddToCart_001"/>
  <system-out/>
</testsuite> <!-- com.mindtree.runner.TC_SearchAndAddToCart_001 -->
