<?xml version="1.0" encoding="UTF-8"?>
<!-- Generated by org.testng.reporters.JUnitReportReporter -->
<testsuite skipped="0" hostname="DESKTOP-MJP0VL9" name="com.mindtree.runner.TC_SearchingProductDDT_005" tests="3" failures="0" timestamp="2021-11-02T12:47:00 IST" time="46.138" errors="0">
  <testcase name="searchDDTProduct" time="15.078" classname="com.mindtree.runner.TC_SearchingProductDDT_005"/>
  <system-out/>
  <testcase name="searchDDTProduct" time="16.273" classname="com.mindtree.runner.TC_SearchingProductDDT_005"/>
  <system-out/>
  <testcase name="searchDDTProduct" time="14.787" classname="com.mindtree.runner.TC_SearchingProductDDT_005"/>
  <system-out/>
</testsuite> <!-- com.mindtree.runner.TC_SearchingProductDDT_005 -->
