<?xml version="1.0" encoding="UTF-8"?>
<!-- Generated by org.testng.reporters.JUnitReportReporter -->
<testsuite skipped="0" hostname="DESKTOP-MJP0VL9" name="com.mindtree.runner.TC_SearchingProductDDT_005" tests="3" failures="0" timestamp="2021-11-02T13:02:02 IST" time="44.703" errors="0">
  <testcase name="searchDDTProduct" time="14.904" classname="com.mindtree.runner.TC_SearchingProductDDT_005"/>
  <testcase name="searchDDTProduct" time="14.590" classname="com.mindtree.runner.TC_SearchingProductDDT_005"/>
  <testcase name="searchDDTProduct" time="15.209" classname="com.mindtree.runner.TC_SearchingProductDDT_005"/>
</testsuite> <!-- com.mindtree.runner.TC_SearchingProductDDT_005 -->
