<?xml version="1.0" encoding="UTF-8"?>
<!-- Generated by org.testng.reporters.JUnitReportReporter -->
<testsuite skipped="0" hostname="DESKTOP-MJP0VL9" name="com.mindtree.runner.TC_GettingAProductDetails_002" tests="1" failures="0" timestamp="2021-11-02T13:02:02 IST" time="14.845" errors="0">
  <testcase name="getProductDetails" time="14.845" classname="com.mindtree.runner.TC_GettingAProductDetails_002"/>
</testsuite> <!-- com.mindtree.runner.TC_GettingAProductDetails_002 -->
