<?xml version="1.0" encoding="UTF-8"?>
<!-- Generated by org.testng.reporters.JUnitReportReporter -->
<testsuite skipped="0" hostname="DESKTOP-MJP0VL9" name="com.mindtree.runner.TC_BlogReader_004" tests="2" failures="0" timestamp="2021-11-02T13:02:02 IST" time="15.452" errors="0">
  <testcase name="readBlog" time="11.121" classname="com.mindtree.runner.TC_BlogReader_004"/>
  <testcase name="leaveAComment" time="4.331" classname="com.mindtree.runner.TC_BlogReader_004"/>
</testsuite> <!-- com.mindtree.runner.TC_BlogReader_004 -->
