<?xml version="1.0" encoding="UTF-8"?>
<!-- Generated by org.testng.reporters.JUnitReportReporter -->
<testsuite skipped="0" hostname="DESKTOP-MJP0VL9" name="com.mindtree.runner.TC_SearchAndAddToCart_001" tests="1" failures="0" timestamp="2021-11-02T13:02:02 IST" time="25.614" errors="0">
  <testcase name="searchProduct" time="25.614" classname="com.mindtree.runner.TC_SearchAndAddToCart_001"/>
</testsuite> <!-- com.mindtree.runner.TC_SearchAndAddToCart_001 -->
